-------------------------------------------------------------------------------
Test set: hftstuttgart.CalculatorTest
-------------------------------------------------------------------------------
Tests run: 2, Failures: 1, Errors: 0, Skipped: 0, Time elapsed: 0.001 s <<< FAILURE! - in hftstuttgart.CalculatorTest
prodNumbers(hftstuttgart.CalculatorTest)  Time elapsed: 0 s  <<< FAILURE!
java.lang.AssertionError: expected:<21> but was:<0>
	at hftstuttgart.CalculatorTest.prodNumbers(CalculatorTest.java:19)

